2025-04-16 18:14:30,117 - INFO - ==== System Information ====
2025-04-16 18:14:30,117 - INFO - Checking network ports...
2025-04-16 18:14:30,118 - INFO - Port 80: Open
2025-04-16 18:14:30,118 - INFO - Port 443: Open
2025-04-16 18:14:30,118 - INFO - Port 3000: Open
2025-04-16 18:14:30,119 - INFO - Port 4000: Open
2025-04-16 18:14:30,119 - INFO - 
==== Login Attempt ====
2025-04-16 18:14:30,119 - INFO - Attempting login to: https://localhost/api/auth/login
2025-04-16 18:14:30,119 - INFO - Request body: {"username": "jm42", "password": "1q2w3e"}
2025-04-16 18:14:30,119 - INFO - Trying request with headers: {'Content-Type': 'application/json'}
2025-04-16 18:14:30,119 - INFO - Trying direct backend request to: https://localhost:4000/api/auth/login
2025-04-16 18:14:30,120 - DEBUG - Starting new HTTPS connection (1): localhost:4000
2025-04-16 18:14:30,126 - WARNING - Direct backend request failed: HTTPSConnectionPool(host='localhost', port=4000): Max retries exceeded with url: /api/auth/login (Caused by SSLError(SSLError(1, '[SSL] record layer failure (_ssl.c:1028)')))
2025-04-16 18:14:30,127 - DEBUG - Starting new HTTPS connection (1): localhost:443
2025-04-16 18:14:30,144 - DEBUG - https://localhost:443 "POST /api/auth/login HTTP/1.1" 401 31
2025-04-16 18:14:30,145 - INFO - Response status: 401
2025-04-16 18:14:30,145 - INFO - Response headers: {'Server': 'nginx/1.27.5', 'Date': 'Wed, 16 Apr 2025 21:14:30 GMT', 'Content-Type': 'application/json; charset=utf-8', 'Content-Length': '31', 'Connection': 'keep-alive', 'X-Powered-By': 'Express', 'Access-Control-Allow-Origin': '*', 'ETag': 'W/"1f-mRYQ6Yx/raK/ssDeWseqQCiH0yM"'}
2025-04-16 18:14:30,145 - INFO - Response body: {"error":"Invalid credentials"}
2025-04-16 18:14:30,145 - INFO - Trying request with headers: {'Content-Type': 'application/x-www-form-urlencoded'}
2025-04-16 18:14:30,145 - INFO - Trying direct backend request to: https://localhost:4000/api/auth/login
2025-04-16 18:14:30,145 - DEBUG - Starting new HTTPS connection (2): localhost:4000
2025-04-16 18:14:30,151 - WARNING - Direct backend request failed: HTTPSConnectionPool(host='localhost', port=4000): Max retries exceeded with url: /api/auth/login (Caused by SSLError(SSLError(1, '[SSL] record layer failure (_ssl.c:1028)')))
2025-04-16 18:14:30,155 - DEBUG - https://localhost:443 "POST /api/auth/login HTTP/1.1" 400 187
2025-04-16 18:14:30,156 - INFO - Response status: 400
2025-04-16 18:14:30,156 - INFO - Response headers: {'Server': 'nginx/1.27.5', 'Date': 'Wed, 16 Apr 2025 21:14:30 GMT', 'Content-Type': 'application/json; charset=utf-8', 'Content-Length': '187', 'Connection': 'keep-alive', 'X-Powered-By': 'Express', 'Access-Control-Allow-Origin': '*', 'ETag': 'W/"bb-ZtAuG92Vb1NWc/34wDk5tG9R1n4"'}
2025-04-16 18:14:30,156 - INFO - Response body: {"errors":[{"type":"field","value":"","msg":"Username is required","path":"username","location":"body"},{"type":"field","msg":"Password is required","path":"password","location":"body"}]}
2025-04-16 18:14:30,156 - INFO - Trying request with headers: {}
2025-04-16 18:14:30,156 - INFO - Trying direct backend request to: https://localhost:4000/api/auth/login
2025-04-16 18:14:30,156 - DEBUG - Starting new HTTPS connection (3): localhost:4000
2025-04-16 18:14:30,163 - WARNING - Direct backend request failed: HTTPSConnectionPool(host='localhost', port=4000): Max retries exceeded with url: /api/auth/login (Caused by SSLError(SSLError(1, '[SSL] record layer failure (_ssl.c:1028)')))
2025-04-16 18:14:30,167 - DEBUG - https://localhost:443 "POST /api/auth/login HTTP/1.1" 401 31
2025-04-16 18:14:30,167 - INFO - Response status: 401
2025-04-16 18:14:30,167 - INFO - Response headers: {'Server': 'nginx/1.27.5', 'Date': 'Wed, 16 Apr 2025 21:14:30 GMT', 'Content-Type': 'application/json; charset=utf-8', 'Content-Length': '31', 'Connection': 'keep-alive', 'X-Powered-By': 'Express', 'Access-Control-Allow-Origin': '*', 'ETag': 'W/"1f-mRYQ6Yx/raK/ssDeWseqQCiH0yM"'}
2025-04-16 18:14:30,167 - INFO - Response body: {"error":"Invalid credentials"}
2025-04-16 18:14:30,168 - INFO - Trying with curl command...
2025-04-16 18:14:30,168 - INFO - Executing: curl -k -X POST -H Content-Type: application/json -d {"username": "jm42", "password": "1q2w3e"} https://localhost/api/auth/login
2025-04-16 18:14:30,179 - INFO - Curl exit code: 0
2025-04-16 18:14:30,179 - INFO - Curl stdout: {"error":"Invalid credentials"}
2025-04-16 18:14:30,179 - INFO - Curl stderr:   % Total    % Received % Xferd  Average Speed   Time    Time     Time  Current
                                 Dload  Upload   Total   Spent    Left  Speed

  0     0    0     0    0     0      0      0 --:--:-- --:--:-- --:--:--     0
100    73  100    31  100    42   5527   7489 --:--:-- --:--:-- --:--:-- 14600

2025-04-16 18:14:30,179 - ERROR - Login debugging completed with errors.
2025-04-16 18:14:30,179 - INFO - Check login_debug.log for detailed information.
2025-04-16 18:14:36,931 - INFO - ==== System Information ====
2025-04-16 18:14:36,931 - INFO - Checking network ports...
2025-04-16 18:14:36,932 - INFO - Port 80: Open
2025-04-16 18:14:36,932 - INFO - Port 443: Open
2025-04-16 18:14:36,932 - INFO - Port 3000: Open
2025-04-16 18:14:36,932 - INFO - Port 4000: Open
2025-04-16 18:14:36,932 - INFO - 
==== Login Attempt ====
2025-04-16 18:14:36,932 - INFO - Attempting login to: https://localhost/api/auth/login
2025-04-16 18:14:36,932 - INFO - Request body: {"username": "jm42", "password": "1q2w3e", "email": "jm42"}
2025-04-16 18:14:36,933 - INFO - Trying request with headers: {'Content-Type': 'application/json'}
2025-04-16 18:14:36,933 - INFO - Trying direct backend request to: https://localhost:4000/api/auth/login
2025-04-16 18:14:36,934 - DEBUG - Starting new HTTPS connection (1): localhost:4000
2025-04-16 18:14:36,941 - WARNING - Direct backend request failed: HTTPSConnectionPool(host='localhost', port=4000): Max retries exceeded with url: /api/auth/login (Caused by SSLError(SSLError(1, '[SSL] record layer failure (_ssl.c:1028)')))
2025-04-16 18:14:36,942 - DEBUG - Starting new HTTPS connection (1): localhost:443
2025-04-16 18:14:36,951 - DEBUG - https://localhost:443 "POST /api/auth/login HTTP/1.1" 401 31
2025-04-16 18:14:36,952 - INFO - Response status: 401
2025-04-16 18:14:36,952 - INFO - Response headers: {'Server': 'nginx/1.27.5', 'Date': 'Wed, 16 Apr 2025 21:14:36 GMT', 'Content-Type': 'application/json; charset=utf-8', 'Content-Length': '31', 'Connection': 'keep-alive', 'X-Powered-By': 'Express', 'Access-Control-Allow-Origin': '*', 'ETag': 'W/"1f-mRYQ6Yx/raK/ssDeWseqQCiH0yM"'}
2025-04-16 18:14:36,952 - INFO - Response body: {"error":"Invalid credentials"}
2025-04-16 18:14:36,952 - INFO - Trying request with headers: {'Content-Type': 'application/x-www-form-urlencoded'}
2025-04-16 18:14:36,952 - INFO - Trying direct backend request to: https://localhost:4000/api/auth/login
2025-04-16 18:14:36,952 - DEBUG - Starting new HTTPS connection (2): localhost:4000
2025-04-16 18:14:36,959 - WARNING - Direct backend request failed: HTTPSConnectionPool(host='localhost', port=4000): Max retries exceeded with url: /api/auth/login (Caused by SSLError(SSLError(1, '[SSL] record layer failure (_ssl.c:1028)')))
2025-04-16 18:14:36,961 - DEBUG - https://localhost:443 "POST /api/auth/login HTTP/1.1" 400 187
2025-04-16 18:14:36,961 - INFO - Response status: 400
2025-04-16 18:14:36,961 - INFO - Response headers: {'Server': 'nginx/1.27.5', 'Date': 'Wed, 16 Apr 2025 21:14:36 GMT', 'Content-Type': 'application/json; charset=utf-8', 'Content-Length': '187', 'Connection': 'keep-alive', 'X-Powered-By': 'Express', 'Access-Control-Allow-Origin': '*', 'ETag': 'W/"bb-ZtAuG92Vb1NWc/34wDk5tG9R1n4"'}
2025-04-16 18:14:36,961 - INFO - Response body: {"errors":[{"type":"field","value":"","msg":"Username is required","path":"username","location":"body"},{"type":"field","msg":"Password is required","path":"password","location":"body"}]}
2025-04-16 18:14:36,961 - INFO - Trying request with headers: {}
2025-04-16 18:14:36,961 - INFO - Trying direct backend request to: https://localhost:4000/api/auth/login
2025-04-16 18:14:36,962 - DEBUG - Starting new HTTPS connection (3): localhost:4000
2025-04-16 18:14:36,970 - WARNING - Direct backend request failed: HTTPSConnectionPool(host='localhost', port=4000): Max retries exceeded with url: /api/auth/login (Caused by SSLError(SSLError(1, '[SSL] record layer failure (_ssl.c:1028)')))
2025-04-16 18:14:36,974 - DEBUG - https://localhost:443 "POST /api/auth/login HTTP/1.1" 401 31
2025-04-16 18:14:36,975 - INFO - Response status: 401
2025-04-16 18:14:36,975 - INFO - Response headers: {'Server': 'nginx/1.27.5', 'Date': 'Wed, 16 Apr 2025 21:14:36 GMT', 'Content-Type': 'application/json; charset=utf-8', 'Content-Length': '31', 'Connection': 'keep-alive', 'X-Powered-By': 'Express', 'Access-Control-Allow-Origin': '*', 'ETag': 'W/"1f-mRYQ6Yx/raK/ssDeWseqQCiH0yM"'}
2025-04-16 18:14:36,975 - INFO - Response body: {"error":"Invalid credentials"}
2025-04-16 18:14:36,976 - INFO - Trying with curl command...
2025-04-16 18:14:36,976 - INFO - Executing: curl -k -X POST -H Content-Type: application/json -d {"username": "jm42", "password": "1q2w3e", "email": "jm42"} https://localhost/api/auth/login
2025-04-16 18:14:36,990 - INFO - Curl exit code: 0
2025-04-16 18:14:36,990 - INFO - Curl stdout: {"error":"Invalid credentials"}
2025-04-16 18:14:36,990 - INFO - Curl stderr:   % Total    % Received % Xferd  Average Speed   Time    Time     Time  Current
                                 Dload  Upload   Total   Spent    Left  Speed

  0     0    0     0    0     0      0      0 --:--:-- --:--:-- --:--:--     0
100    90  100    31  100    59   5211   9919 --:--:-- --:--:-- --:--:-- 18000

2025-04-16 18:14:36,990 - ERROR - Login debugging completed with errors.
2025-04-16 18:14:36,990 - INFO - Check login_debug.log for detailed information.
2025-04-16 18:15:07,032 - INFO - ==== System Information ====
2025-04-16 18:15:07,032 - INFO - Checking network ports...
2025-04-16 18:15:07,033 - INFO - Port 80: Open
2025-04-16 18:15:07,033 - INFO - Port 443: Open
2025-04-16 18:15:07,033 - INFO - Port 3000: Open
2025-04-16 18:15:07,033 - INFO - Port 4000: Open
2025-04-16 18:15:07,033 - INFO - 
==== Login Attempt ====
2025-04-16 18:15:07,033 - INFO - Attempting login to: https://localhost/api/auth/login
2025-04-16 18:15:07,033 - INFO - Request body: {"username": "jm42", "password": "1q2w3e", "email": "jeff.milton@gmail.com"}
2025-04-16 18:15:07,034 - INFO - Trying request with headers: {'Content-Type': 'application/json'}
2025-04-16 18:15:07,034 - INFO - Trying direct backend request to: https://localhost:4000/api/auth/login
2025-04-16 18:15:07,035 - DEBUG - Starting new HTTPS connection (1): localhost:4000
2025-04-16 18:15:07,042 - WARNING - Direct backend request failed: HTTPSConnectionPool(host='localhost', port=4000): Max retries exceeded with url: /api/auth/login (Caused by SSLError(SSLError(1, '[SSL] record layer failure (_ssl.c:1028)')))
2025-04-16 18:15:07,043 - DEBUG - Starting new HTTPS connection (1): localhost:443
2025-04-16 18:15:07,059 - DEBUG - https://localhost:443 "POST /api/auth/login HTTP/1.1" 401 31
2025-04-16 18:15:07,060 - INFO - Response status: 401
2025-04-16 18:15:07,060 - INFO - Response headers: {'Server': 'nginx/1.27.5', 'Date': 'Wed, 16 Apr 2025 21:15:07 GMT', 'Content-Type': 'application/json; charset=utf-8', 'Content-Length': '31', 'Connection': 'keep-alive', 'X-Powered-By': 'Express', 'Access-Control-Allow-Origin': '*', 'ETag': 'W/"1f-mRYQ6Yx/raK/ssDeWseqQCiH0yM"'}
2025-04-16 18:15:07,060 - INFO - Response body: {"error":"Invalid credentials"}
2025-04-16 18:15:07,060 - INFO - Trying request with headers: {'Content-Type': 'application/x-www-form-urlencoded'}
2025-04-16 18:15:07,060 - INFO - Trying direct backend request to: https://localhost:4000/api/auth/login
2025-04-16 18:15:07,061 - DEBUG - Starting new HTTPS connection (2): localhost:4000
2025-04-16 18:15:07,068 - WARNING - Direct backend request failed: HTTPSConnectionPool(host='localhost', port=4000): Max retries exceeded with url: /api/auth/login (Caused by SSLError(SSLError(1, '[SSL] record layer failure (_ssl.c:1028)')))
2025-04-16 18:15:07,070 - DEBUG - https://localhost:443 "POST /api/auth/login HTTP/1.1" 400 187
2025-04-16 18:15:07,071 - INFO - Response status: 400
2025-04-16 18:15:07,071 - INFO - Response headers: {'Server': 'nginx/1.27.5', 'Date': 'Wed, 16 Apr 2025 21:15:07 GMT', 'Content-Type': 'application/json; charset=utf-8', 'Content-Length': '187', 'Connection': 'keep-alive', 'X-Powered-By': 'Express', 'Access-Control-Allow-Origin': '*', 'ETag': 'W/"bb-ZtAuG92Vb1NWc/34wDk5tG9R1n4"'}
2025-04-16 18:15:07,071 - INFO - Response body: {"errors":[{"type":"field","value":"","msg":"Username is required","path":"username","location":"body"},{"type":"field","msg":"Password is required","path":"password","location":"body"}]}
2025-04-16 18:15:07,071 - INFO - Trying request with headers: {}
2025-04-16 18:15:07,071 - INFO - Trying direct backend request to: https://localhost:4000/api/auth/login
2025-04-16 18:15:07,072 - DEBUG - Starting new HTTPS connection (3): localhost:4000
2025-04-16 18:15:07,078 - WARNING - Direct backend request failed: HTTPSConnectionPool(host='localhost', port=4000): Max retries exceeded with url: /api/auth/login (Caused by SSLError(SSLError(1, '[SSL] record layer failure (_ssl.c:1028)')))
2025-04-16 18:15:07,082 - DEBUG - https://localhost:443 "POST /api/auth/login HTTP/1.1" 401 31
2025-04-16 18:15:07,082 - INFO - Response status: 401
2025-04-16 18:15:07,082 - INFO - Response headers: {'Server': 'nginx/1.27.5', 'Date': 'Wed, 16 Apr 2025 21:15:07 GMT', 'Content-Type': 'application/json; charset=utf-8', 'Content-Length': '31', 'Connection': 'keep-alive', 'X-Powered-By': 'Express', 'Access-Control-Allow-Origin': '*', 'ETag': 'W/"1f-mRYQ6Yx/raK/ssDeWseqQCiH0yM"'}
2025-04-16 18:15:07,082 - INFO - Response body: {"error":"Invalid credentials"}
2025-04-16 18:15:07,084 - INFO - Trying with curl command...
2025-04-16 18:15:07,084 - INFO - Executing: curl -k -X POST -H Content-Type: application/json -d {"username": "jm42", "password": "1q2w3e", "email": "jeff.milton@gmail.com"} https://localhost/api/auth/login
2025-04-16 18:15:07,094 - INFO - Curl exit code: 0
2025-04-16 18:15:07,094 - INFO - Curl stdout: {"error":"Invalid credentials"}
2025-04-16 18:15:07,094 - INFO - Curl stderr:   % Total    % Received % Xferd  Average Speed   Time    Time     Time  Current
                                 Dload  Upload   Total   Spent    Left  Speed

  0     0    0     0    0     0      0      0 --:--:-- --:--:-- --:--:--     0
100   107  100    31  100    76   5942  14567 --:--:-- --:--:-- --:--:-- 21400

2025-04-16 18:15:07,094 - ERROR - Login debugging completed with errors.
2025-04-16 18:15:07,094 - INFO - Check login_debug.log for detailed information.
